2020-02-07 00:22:43.477  INFO 7240 --- [restartedMain] c.k.myblog.SpringbootMyblogApplication   : Starting SpringbootMyblogApplication on DESKTOP-MGHCDOS with PID 7240 (C:\src\springbootWork\springboot-myblog\target\classes started by kyj42 in C:\src\springbootWork\springboot-myblog)
2020-02-07 00:22:43.484  INFO 7240 --- [restartedMain] c.k.myblog.SpringbootMyblogApplication   : No active profile set, falling back to default profiles: default
2020-02-07 00:22:43.552  INFO 7240 --- [restartedMain] .e.DevToolsPropertyDefaultsPostProcessor : Devtools property defaults active! Set 'spring.devtools.add-properties' to 'false' to disable
2020-02-07 00:22:43.552  INFO 7240 --- [restartedMain] .e.DevToolsPropertyDefaultsPostProcessor : For additional web related logging consider setting the 'logging.level.web' property to 'DEBUG'
2020-02-07 00:22:45.726  INFO 7240 --- [restartedMain] o.s.b.w.embedded.tomcat.TomcatWebServer  : Tomcat initialized with port(s): 8080 (http)
2020-02-07 00:22:45.754  INFO 7240 --- [restartedMain] o.apache.catalina.core.StandardService   : Starting service [Tomcat]
2020-02-07 00:22:45.754  INFO 7240 --- [restartedMain] org.apache.catalina.core.StandardEngine  : Starting Servlet engine: [Apache Tomcat/9.0.30]
2020-02-07 00:22:46.125  INFO 7240 --- [restartedMain] org.apache.jasper.servlet.TldScanner     : At least one JAR was scanned for TLDs yet contained no TLDs. Enable debug logging for this logger for a complete list of JARs that were scanned but no TLDs were found in them. Skipping unneeded JARs during scanning can improve startup time and JSP compilation time.
2020-02-07 00:22:46.133  INFO 7240 --- [restartedMain] o.a.c.c.C.[Tomcat].[localhost].[/]       : Initializing Spring embedded WebApplicationContext
2020-02-07 00:22:46.134  INFO 7240 --- [restartedMain] o.s.web.context.ContextLoader            : Root WebApplicationContext: initialization completed in 2581 ms
2020-02-07 00:22:46.461  WARN 7240 --- [restartedMain] ConfigServletWebServerApplicationContext : Exception encountered during context initialization - cancelling refresh attempt: org.springframework.beans.factory.BeanCreationException: Error creating bean with name 'sqlSessionFactory' defined in class path resource [com/kyj/myblog/config/DataAccessConfig.class]: Bean instantiation via factory method failed; nested exception is org.springframework.beans.BeanInstantiationException: Failed to instantiate [org.apache.ibatis.session.SqlSessionFactory]: Factory method 'sqlSessionFactory' threw exception; nested exception is org.springframework.core.NestedIOException: Failed to parse mapping resource: 'file [C:\src\springbootWork\springboot-myblog\target\classes\mapper\comment.xml]'; nested exception is org.apache.ibatis.builder.BuilderException: Error parsing Mapper XML. The XML location is 'file [C:\src\springbootWork\springboot-myblog\target\classes\mapper\comment.xml]'. Cause: org.apache.ibatis.builder.BuilderException: Error resolving class. Cause: org.apache.ibatis.type.TypeException: Could not resolve type alias 'com.kyj.myblog.model.comment.Comment'.  Cause: java.lang.ClassNotFoundException: Cannot find class: com.kyj.myblog.model.comment.Comment
2020-02-07 00:22:46.466  INFO 7240 --- [restartedMain] o.apache.catalina.core.StandardService   : Stopping service [Tomcat]
2020-02-07 00:22:46.482  INFO 7240 --- [restartedMain] ConditionEvaluationReportLoggingListener : 

Error starting ApplicationContext. To display the conditions report re-run your application with 'debug' enabled.
2020-02-07 00:22:46.502 ERROR 7240 --- [restartedMain] o.s.boot.SpringApplication               : Application run failed

org.springframework.beans.factory.BeanCreationException: Error creating bean with name 'sqlSessionFactory' defined in class path resource [com/kyj/myblog/config/DataAccessConfig.class]: Bean instantiation via factory method failed; nested exception is org.springframework.beans.BeanInstantiationException: Failed to instantiate [org.apache.ibatis.session.SqlSessionFactory]: Factory method 'sqlSessionFactory' threw exception; nested exception is org.springframework.core.NestedIOException: Failed to parse mapping resource: 'file [C:\src\springbootWork\springboot-myblog\target\classes\mapper\comment.xml]'; nested exception is org.apache.ibatis.builder.BuilderException: Error parsing Mapper XML. The XML location is 'file [C:\src\springbootWork\springboot-myblog\target\classes\mapper\comment.xml]'. Cause: org.apache.ibatis.builder.BuilderException: Error resolving class. Cause: org.apache.ibatis.type.TypeException: Could not resolve type alias 'com.kyj.myblog.model.comment.Comment'.  Cause: java.lang.ClassNotFoundException: Cannot find class: com.kyj.myblog.model.comment.Comment
	at org.springframework.beans.factory.support.ConstructorResolver.instantiate(ConstructorResolver.java:656) ~[spring-beans-5.2.3.RELEASE.jar:5.2.3.RELEASE]
	at org.springframework.beans.factory.support.ConstructorResolver.instantiateUsingFactoryMethod(ConstructorResolver.java:636) ~[spring-beans-5.2.3.RELEASE.jar:5.2.3.RELEASE]
	at org.springframework.beans.factory.support.AbstractAutowireCapableBeanFactory.instantiateUsingFactoryMethod(AbstractAutowireCapableBeanFactory.java:1338) ~[spring-beans-5.2.3.RELEASE.jar:5.2.3.RELEASE]
	at org.springframework.beans.factory.support.AbstractAutowireCapableBeanFactory.createBeanInstance(AbstractAutowireCapableBeanFactory.java:1177) ~[spring-beans-5.2.3.RELEASE.jar:5.2.3.RELEASE]
	at org.springframework.beans.factory.support.AbstractAutowireCapableBeanFactory.doCreateBean(AbstractAutowireCapableBeanFactory.java:557) ~[spring-beans-5.2.3.RELEASE.jar:5.2.3.RELEASE]
	at org.springframework.beans.factory.support.AbstractAutowireCapableBeanFactory.createBean(AbstractAutowireCapableBeanFactory.java:517) ~[spring-beans-5.2.3.RELEASE.jar:5.2.3.RELEASE]
	at org.springframework.beans.factory.support.AbstractBeanFactory.lambda$doGetBean$0(AbstractBeanFactory.java:323) ~[spring-beans-5.2.3.RELEASE.jar:5.2.3.RELEASE]
	at org.springframework.beans.factory.support.DefaultSingletonBeanRegistry.getSingleton(DefaultSingletonBeanRegistry.java:222) ~[spring-beans-5.2.3.RELEASE.jar:5.2.3.RELEASE]
	at org.springframework.beans.factory.support.AbstractBeanFactory.doGetBean(AbstractBeanFactory.java:321) ~[spring-beans-5.2.3.RELEASE.jar:5.2.3.RELEASE]
	at org.springframework.beans.factory.support.AbstractBeanFactory.getBean(AbstractBeanFactory.java:202) ~[spring-beans-5.2.3.RELEASE.jar:5.2.3.RELEASE]
	at org.springframework.beans.factory.support.DefaultListableBeanFactory.preInstantiateSingletons(DefaultListableBeanFactory.java:879) ~[spring-beans-5.2.3.RELEASE.jar:5.2.3.RELEASE]
	at org.springframework.context.support.AbstractApplicationContext.finishBeanFactoryInitialization(AbstractApplicationContext.java:878) ~[spring-context-5.2.3.RELEASE.jar:5.2.3.RELEASE]
	at org.springframework.context.support.AbstractApplicationContext.refresh(AbstractApplicationContext.java:550) ~[spring-context-5.2.3.RELEASE.jar:5.2.3.RELEASE]
	at org.springframework.boot.web.servlet.context.ServletWebServerApplicationContext.refresh(ServletWebServerApplicationContext.java:141) ~[spring-boot-2.2.4.RELEASE.jar:2.2.4.RELEASE]
	at org.springframework.boot.SpringApplication.refresh(SpringApplication.java:747) [spring-boot-2.2.4.RELEASE.jar:2.2.4.RELEASE]
	at org.springframework.boot.SpringApplication.refreshContext(SpringApplication.java:397) [spring-boot-2.2.4.RELEASE.jar:2.2.4.RELEASE]
	at org.springframework.boot.SpringApplication.run(SpringApplication.java:315) [spring-boot-2.2.4.RELEASE.jar:2.2.4.RELEASE]
	at org.springframework.boot.SpringApplication.run(SpringApplication.java:1226) [spring-boot-2.2.4.RELEASE.jar:2.2.4.RELEASE]
	at org.springframework.boot.SpringApplication.run(SpringApplication.java:1215) [spring-boot-2.2.4.RELEASE.jar:2.2.4.RELEASE]
	at com.kyj.myblog.SpringbootMyblogApplication.main(SpringbootMyblogApplication.java:10) [classes/:na]
	at sun.reflect.NativeMethodAccessorImpl.invoke0(Native Method) ~[na:1.8.0_221]
	at sun.reflect.NativeMethodAccessorImpl.invoke(Unknown Source) ~[na:1.8.0_221]
	at sun.reflect.DelegatingMethodAccessorImpl.invoke(Unknown Source) ~[na:1.8.0_221]
	at java.lang.reflect.Method.invoke(Unknown Source) ~[na:1.8.0_221]
	at org.springframework.boot.devtools.restart.RestartLauncher.run(RestartLauncher.java:49) [spring-boot-devtools-2.2.4.RELEASE.jar:2.2.4.RELEASE]
Caused by: org.springframework.beans.BeanInstantiationException: Failed to instantiate [org.apache.ibatis.session.SqlSessionFactory]: Factory method 'sqlSessionFactory' threw exception; nested exception is org.springframework.core.NestedIOException: Failed to parse mapping resource: 'file [C:\src\springbootWork\springboot-myblog\target\classes\mapper\comment.xml]'; nested exception is org.apache.ibatis.builder.BuilderException: Error parsing Mapper XML. The XML location is 'file [C:\src\springbootWork\springboot-myblog\target\classes\mapper\comment.xml]'. Cause: org.apache.ibatis.builder.BuilderException: Error resolving class. Cause: org.apache.ibatis.type.TypeException: Could not resolve type alias 'com.kyj.myblog.model.comment.Comment'.  Cause: java.lang.ClassNotFoundException: Cannot find class: com.kyj.myblog.model.comment.Comment
	at org.springframework.beans.factory.support.SimpleInstantiationStrategy.instantiate(SimpleInstantiationStrategy.java:185) ~[spring-beans-5.2.3.RELEASE.jar:5.2.3.RELEASE]
	at org.springframework.beans.factory.support.ConstructorResolver.instantiate(ConstructorResolver.java:651) ~[spring-beans-5.2.3.RELEASE.jar:5.2.3.RELEASE]
	... 24 common frames omitted
Caused by: org.springframework.core.NestedIOException: Failed to parse mapping resource: 'file [C:\src\springbootWork\springboot-myblog\target\classes\mapper\comment.xml]'; nested exception is org.apache.ibatis.builder.BuilderException: Error parsing Mapper XML. The XML location is 'file [C:\src\springbootWork\springboot-myblog\target\classes\mapper\comment.xml]'. Cause: org.apache.ibatis.builder.BuilderException: Error resolving class. Cause: org.apache.ibatis.type.TypeException: Could not resolve type alias 'com.kyj.myblog.model.comment.Comment'.  Cause: java.lang.ClassNotFoundException: Cannot find class: com.kyj.myblog.model.comment.Comment
	at org.mybatis.spring.SqlSessionFactoryBean.buildSqlSessionFactory(SqlSessionFactoryBean.java:595) ~[mybatis-spring-2.0.3.jar:2.0.3]
	at org.mybatis.spring.SqlSessionFactoryBean.afterPropertiesSet(SqlSessionFactoryBean.java:475) ~[mybatis-spring-2.0.3.jar:2.0.3]
	at org.mybatis.spring.SqlSessionFactoryBean.getObject(SqlSessionFactoryBean.java:615) ~[mybatis-spring-2.0.3.jar:2.0.3]
	at com.kyj.myblog.config.DataAccessConfig.sqlSessionFactory(DataAccessConfig.java:25) ~[classes/:na]
	at com.kyj.myblog.config.DataAccessConfig$$EnhancerBySpringCGLIB$$98153b93.CGLIB$sqlSessionFactory$1(<generated>) ~[classes/:na]
	at com.kyj.myblog.config.DataAccessConfig$$EnhancerBySpringCGLIB$$98153b93$$FastClassBySpringCGLIB$$336e194a.invoke(<generated>) ~[classes/:na]
	at org.springframework.cglib.proxy.MethodProxy.invokeSuper(MethodProxy.java:244) ~[spring-core-5.2.3.RELEASE.jar:5.2.3.RELEASE]
	at org.springframework.context.annotation.ConfigurationClassEnhancer$BeanMethodInterceptor.intercept(ConfigurationClassEnhancer.java:363) ~[spring-context-5.2.3.RELEASE.jar:5.2.3.RELEASE]
	at com.kyj.myblog.config.DataAccessConfig$$EnhancerBySpringCGLIB$$98153b93.sqlSessionFactory(<generated>) ~[classes/:na]
	at sun.reflect.NativeMethodAccessorImpl.invoke0(Native Method) ~[na:1.8.0_221]
	at sun.reflect.NativeMethodAccessorImpl.invoke(Unknown Source) ~[na:1.8.0_221]
	at sun.reflect.DelegatingMethodAccessorImpl.invoke(Unknown Source) ~[na:1.8.0_221]
	at java.lang.reflect.Method.invoke(Unknown Source) ~[na:1.8.0_221]
	at org.springframework.beans.factory.support.SimpleInstantiationStrategy.instantiate(SimpleInstantiationStrategy.java:154) ~[spring-beans-5.2.3.RELEASE.jar:5.2.3.RELEASE]
	... 25 common frames omitted
Caused by: org.apache.ibatis.builder.BuilderException: Error parsing Mapper XML. The XML location is 'file [C:\src\springbootWork\springboot-myblog\target\classes\mapper\comment.xml]'. Cause: org.apache.ibatis.builder.BuilderException: Error resolving class. Cause: org.apache.ibatis.type.TypeException: Could not resolve type alias 'com.kyj.myblog.model.comment.Comment'.  Cause: java.lang.ClassNotFoundException: Cannot find class: com.kyj.myblog.model.comment.Comment
	at org.apache.ibatis.builder.xml.XMLMapperBuilder.configurationElement(XMLMapperBuilder.java:122) ~[mybatis-3.5.3.jar:3.5.3]
	at org.apache.ibatis.builder.xml.XMLMapperBuilder.parse(XMLMapperBuilder.java:94) ~[mybatis-3.5.3.jar:3.5.3]
	at org.mybatis.spring.SqlSessionFactoryBean.buildSqlSessionFactory(SqlSessionFactoryBean.java:593) ~[mybatis-spring-2.0.3.jar:2.0.3]
	... 38 common frames omitted
Caused by: org.apache.ibatis.builder.BuilderException: Error resolving class. Cause: org.apache.ibatis.type.TypeException: Could not resolve type alias 'com.kyj.myblog.model.comment.Comment'.  Cause: java.lang.ClassNotFoundException: Cannot find class: com.kyj.myblog.model.comment.Comment
	at org.apache.ibatis.builder.BaseBuilder.resolveClass(BaseBuilder.java:118) ~[mybatis-3.5.3.jar:3.5.3]
	at org.apache.ibatis.builder.xml.XMLStatementBuilder.parseStatementNode(XMLStatementBuilder.java:102) ~[mybatis-3.5.3.jar:3.5.3]
	at org.apache.ibatis.builder.xml.XMLMapperBuilder.buildStatementFromContext(XMLMapperBuilder.java:137) ~[mybatis-3.5.3.jar:3.5.3]
	at org.apache.ibatis.builder.xml.XMLMapperBuilder.buildStatementFromContext(XMLMapperBuilder.java:130) ~[mybatis-3.5.3.jar:3.5.3]
	at org.apache.ibatis.builder.xml.XMLMapperBuilder.configurationElement(XMLMapperBuilder.java:120) ~[mybatis-3.5.3.jar:3.5.3]
	... 40 common frames omitted
Caused by: org.apache.ibatis.type.TypeException: Could not resolve type alias 'com.kyj.myblog.model.comment.Comment'.  Cause: java.lang.ClassNotFoundException: Cannot find class: com.kyj.myblog.model.comment.Comment
	at org.apache.ibatis.type.TypeAliasRegistry.resolveAlias(TypeAliasRegistry.java:120) ~[mybatis-3.5.3.jar:3.5.3]
	at org.apache.ibatis.builder.BaseBuilder.resolveAlias(BaseBuilder.java:149) ~[mybatis-3.5.3.jar:3.5.3]
	at org.apache.ibatis.builder.BaseBuilder.resolveClass(BaseBuilder.java:116) ~[mybatis-3.5.3.jar:3.5.3]
	... 44 common frames omitted
Caused by: java.lang.ClassNotFoundException: Cannot find class: com.kyj.myblog.model.comment.Comment
	at org.apache.ibatis.io.ClassLoaderWrapper.classForName(ClassLoaderWrapper.java:200) ~[mybatis-3.5.3.jar:3.5.3]
	at org.apache.ibatis.io.ClassLoaderWrapper.classForName(ClassLoaderWrapper.java:89) ~[mybatis-3.5.3.jar:3.5.3]
	at org.apache.ibatis.io.Resources.classForName(Resources.java:261) ~[mybatis-3.5.3.jar:3.5.3]
	at org.apache.ibatis.type.TypeAliasRegistry.resolveAlias(TypeAliasRegistry.java:116) ~[mybatis-3.5.3.jar:3.5.3]
	... 46 common frames omitted

2020-02-07 00:27:18.628  INFO 7628 --- [restartedMain] c.k.myblog.SpringbootMyblogApplication   : Starting SpringbootMyblogApplication on DESKTOP-MGHCDOS with PID 7628 (C:\src\springbootWork\springboot-myblog\target\classes started by kyj42 in C:\src\springbootWork\springboot-myblog)
2020-02-07 00:27:18.632  INFO 7628 --- [restartedMain] c.k.myblog.SpringbootMyblogApplication   : No active profile set, falling back to default profiles: default
2020-02-07 00:27:18.685  INFO 7628 --- [restartedMain] .e.DevToolsPropertyDefaultsPostProcessor : Devtools property defaults active! Set 'spring.devtools.add-properties' to 'false' to disable
2020-02-07 00:27:18.685  INFO 7628 --- [restartedMain] .e.DevToolsPropertyDefaultsPostProcessor : For additional web related logging consider setting the 'logging.level.web' property to 'DEBUG'
2020-02-07 00:27:19.998  INFO 7628 --- [restartedMain] o.s.b.w.embedded.tomcat.TomcatWebServer  : Tomcat initialized with port(s): 8080 (http)
2020-02-07 00:27:20.007  INFO 7628 --- [restartedMain] o.apache.catalina.core.StandardService   : Starting service [Tomcat]
2020-02-07 00:27:20.007  INFO 7628 --- [restartedMain] org.apache.catalina.core.StandardEngine  : Starting Servlet engine: [Apache Tomcat/9.0.30]
2020-02-07 00:27:20.291  INFO 7628 --- [restartedMain] org.apache.jasper.servlet.TldScanner     : At least one JAR was scanned for TLDs yet contained no TLDs. Enable debug logging for this logger for a complete list of JARs that were scanned but no TLDs were found in them. Skipping unneeded JARs during scanning can improve startup time and JSP compilation time.
2020-02-07 00:27:20.298  INFO 7628 --- [restartedMain] o.a.c.c.C.[Tomcat].[localhost].[/]       : Initializing Spring embedded WebApplicationContext
2020-02-07 00:27:20.298  INFO 7628 --- [restartedMain] o.s.web.context.ContextLoader            : Root WebApplicationContext: initialization completed in 1613 ms
2020-02-07 00:27:20.725  INFO 7628 --- [restartedMain] o.s.s.concurrent.ThreadPoolTaskExecutor  : Initializing ExecutorService 'applicationTaskExecutor'
2020-02-07 00:27:21.038  INFO 7628 --- [restartedMain] o.s.b.d.a.OptionalLiveReloadServer       : LiveReload server is running on port 35729
2020-02-07 00:27:21.103  INFO 7628 --- [restartedMain] o.s.b.w.embedded.tomcat.TomcatWebServer  : Tomcat started on port(s): 8080 (http) with context path ''
2020-02-07 00:27:21.106  INFO 7628 --- [restartedMain] c.k.myblog.SpringbootMyblogApplication   : Started SpringbootMyblogApplication in 2.973 seconds (JVM running for 4.027)
2020-02-07 00:28:26.276  INFO 7628 --- [http-nio-8080-exec-1] o.a.c.c.C.[Tomcat].[localhost].[/]       : Initializing Spring DispatcherServlet 'dispatcherServlet'
2020-02-07 00:28:26.277  INFO 7628 --- [http-nio-8080-exec-1] o.s.web.servlet.DispatcherServlet        : Initializing Servlet 'dispatcherServlet'
2020-02-07 00:28:26.287  INFO 7628 --- [http-nio-8080-exec-1] o.s.web.servlet.DispatcherServlet        : Completed initialization in 10 ms
2020-02-07 00:33:17.579  INFO 7628 --- [RMI TCP Connection(16)-127.0.0.1] inMXBeanRegistrar$SpringApplicationAdmin : Application shutdown requested.
2020-02-07 00:33:17.586  INFO 7628 --- [RMI TCP Connection(16)-127.0.0.1] o.s.s.concurrent.ThreadPoolTaskExecutor  : Shutting down ExecutorService 'applicationTaskExecutor'
